we have next logging message:2023-11-25 11:32:00,685:INFO - Ваша порода собаки: Чихуахуа
we have next logging message:2023-11-25 11:32:00,685:INFO - Это day 1 of Sharik life!
we have next logging message:2023-11-25 11:32:00,685:INFO - Собакин покушал
we have next logging message:2023-11-25 11:32:00,685:INFO - Здоровье собаки: 100
we have next logging message:2023-11-25 11:32:00,685:INFO - Деньги: 185
we have next logging message:2023-11-25 11:32:00,685:INFO - Счастье собаки: 100
we have next logging message:2023-11-25 11:32:00,685:INFO - Сытость собаки: 100
we have next logging message:2023-11-25 11:32:00,685:INFO - Это day 2 of Sharik life!
we have next logging message:2023-11-25 11:32:00,685:INFO - Собакин поспал
we have next logging message:2023-11-25 11:32:00,685:INFO - Здоровье собаки: 100
we have next logging message:2023-11-25 11:32:00,685:INFO - Деньги: 185
we have next logging message:2023-11-25 11:32:00,685:INFO - Счастье собаки: 100
we have next logging message:2023-11-25 11:32:00,685:INFO - Сытость собаки: 100
we have next logging message:2023-11-25 11:32:00,685:INFO - Это day 3 of Sharik life!
we have next logging message:2023-11-25 11:32:00,685:INFO - Собакин поспал
we have next logging message:2023-11-25 11:32:00,685:INFO - Здоровье собаки: 100
we have next logging message:2023-11-25 11:32:00,685:INFO - Деньги: 185
we have next logging message:2023-11-25 11:32:00,685:INFO - Счастье собаки: 100
we have next logging message:2023-11-25 11:32:00,685:INFO - Сытость собаки: 100
we have next logging message:2023-11-25 11:32:00,685:INFO - Это day 4 of Sharik life!
we have next logging message:2023-11-25 11:32:00,685:INFO - Собакин покушал
we have next logging message:2023-11-25 11:32:00,685:INFO - Здоровье собаки: 100
we have next logging message:2023-11-25 11:32:00,685:INFO - Деньги: 170
we have next logging message:2023-11-25 11:32:00,685:INFO - Счастье собаки: 100
we have next logging message:2023-11-25 11:32:00,685:INFO - Сытость собаки: 100
we have next logging message:2023-11-25 11:32:00,685:INFO - Это day 5 of Sharik life!
we have next logging message:2023-11-25 11:32:00,685:INFO - Собакин покусал прохожего. У вас потребовали выплатить компенсацию
we have next logging message:2023-11-25 11:32:00,685:INFO - Здоровье собаки: 100
we have next logging message:2023-11-25 11:32:00,685:INFO - Деньги: 150
we have next logging message:2023-11-25 11:32:00,685:INFO - Счастье собаки: 60
we have next logging message:2023-11-25 11:32:00,685:INFO - Сытость собаки: 100
we have next logging message:2023-11-25 11:32:00,685:INFO - Это day 6 of Sharik life!
we have next logging message:2023-11-25 11:32:00,685:INFO - Собакин покушал
we have next logging message:2023-11-25 11:32:00,685:INFO - Здоровье собаки: 100
we have next logging message:2023-11-25 11:32:00,685:INFO - Деньги: 135
we have next logging message:2023-11-25 11:32:00,685:INFO - Счастье собаки: 60
we have next logging message:2023-11-25 11:32:00,685:INFO - Сытость собаки: 100
we have next logging message:2023-11-25 11:32:00,685:INFO - Это day 7 of Sharik life!
we have next logging message:2023-11-25 11:32:00,685:INFO - Собакин покушал
we have next logging message:2023-11-25 11:32:00,685:INFO - Здоровье собаки: 100
we have next logging message:2023-11-25 11:32:00,685:INFO - Деньги: 120
we have next logging message:2023-11-25 11:32:00,701:INFO - Счастье собаки: 60
we have next logging message:2023-11-25 11:32:00,701:INFO - Сытость собаки: 100
we have next logging message:2023-11-25 11:32:00,701:INFO - Это day 8 of Sharik life!
we have next logging message:2023-11-25 11:32:00,701:INFO - Собакин поспал
we have next logging message:2023-11-25 11:32:00,701:INFO - Здоровье собаки: 100
we have next logging message:2023-11-25 11:32:00,701:INFO - Деньги: 120
we have next logging message:2023-11-25 11:32:00,701:INFO - Счастье собаки: 70
we have next logging message:2023-11-25 11:32:00,701:INFO - Сытость собаки: 100
we have next logging message:2023-11-25 11:32:00,701:INFO - Это day 9 of Sharik life!
we have next logging message:2023-11-25 11:32:00,701:INFO - Собакин покушал
we have next logging message:2023-11-25 11:32:00,701:INFO - Здоровье собаки: 100
we have next logging message:2023-11-25 11:32:00,701:INFO - Деньги: 105
we have next logging message:2023-11-25 11:32:00,701:INFO - Счастье собаки: 70
we have next logging message:2023-11-25 11:32:00,701:INFO - Сытость собаки: 100
we have next logging message:2023-11-25 11:32:00,701:INFO - Это day 10 of Sharik life!
we have next logging message:2023-11-25 11:32:00,701:INFO - Собакин поиграл
we have next logging message:2023-11-25 11:32:00,701:INFO - Здоровье собаки: 100
we have next logging message:2023-11-25 11:32:00,716:INFO - Деньги: 105
we have next logging message:2023-11-25 11:32:00,716:INFO - Счастье собаки: 90
we have next logging message:2023-11-25 11:32:00,716:INFO - Сытость собаки: 70
we have next logging message:2023-11-25 11:32:00,719:INFO - Это day 11 of Sharik life!
we have next logging message:2023-11-25 11:32:00,720:INFO - Собакин покушал
we have next logging message:2023-11-25 11:32:00,720:INFO - Здоровье собаки: 100
we have next logging message:2023-11-25 11:32:00,721:INFO - Деньги: 90
we have next logging message:2023-11-25 11:32:00,721:INFO - Счастье собаки: 90
we have next logging message:2023-11-25 11:32:00,722:INFO - Сытость собаки: 100
we have next logging message:2023-11-25 11:32:00,722:INFO - Это day 12 of Sharik life!
we have next logging message:2023-11-25 11:32:00,722:INFO - Собакин покушал
we have next logging message:2023-11-25 11:32:00,723:INFO - Здоровье собаки: 100
we have next logging message:2023-11-25 11:32:00,723:INFO - Деньги: 75
we have next logging message:2023-11-25 11:32:00,723:INFO - Счастье собаки: 90
we have next logging message:2023-11-25 11:32:00,724:INFO - Сытость собаки: 100
we have next logging message:2023-11-25 11:32:00,724:INFO - Это day 13 of Sharik life!
we have next logging message:2023-11-25 11:32:00,725:INFO - Собакин повалялся в луже
we have next logging message:2023-11-25 11:32:00,725:INFO - Здоровье собаки: 70
we have next logging message:2023-11-25 11:32:00,725:INFO - Деньги: 75
we have next logging message:2023-11-25 11:32:00,726:INFO - Счастье собаки: 100
we have next logging message:2023-11-25 11:32:00,726:INFO - Сытость собаки: 100
we have next logging message:2023-11-25 11:32:00,726:INFO - Это day 14 of Sharik life!
we have next logging message:2023-11-25 11:32:00,727:INFO - Собакин поспал
we have next logging message:2023-11-25 11:32:00,727:INFO - Здоровье собаки: 90
we have next logging message:2023-11-25 11:32:00,727:INFO - Деньги: 75
we have next logging message:2023-11-25 11:32:00,728:INFO - Счастье собаки: 100
we have next logging message:2023-11-25 11:32:00,728:INFO - Сытость собаки: 100
we have next logging message:2023-11-25 11:32:00,728:INFO - Это day 15 of Sharik life!
we have next logging message:2023-11-25 11:32:00,729:INFO - Собакин поспал
we have next logging message:2023-11-25 11:32:00,729:INFO - Здоровье собаки: 100
we have next logging message:2023-11-25 11:32:00,729:INFO - Деньги: 75
we have next logging message:2023-11-25 11:32:00,730:INFO - Счастье собаки: 100
we have next logging message:2023-11-25 11:32:00,730:INFO - Сытость собаки: 100
we have next logging message:2023-11-25 11:32:00,731:INFO - Это day 16 of Sharik life!
we have next logging message:2023-11-25 11:32:00,733:INFO - Собакин поспал
we have next logging message:2023-11-25 11:32:00,733:INFO - Здоровье собаки: 100
we have next logging message:2023-11-25 11:32:00,733:INFO - Деньги: 75
we have next logging message:2023-11-25 11:32:00,733:INFO - Счастье собаки: 100
we have next logging message:2023-11-25 11:32:00,733:INFO - Сытость собаки: 100
we have next logging message:2023-11-25 11:32:00,733:INFO - Это day 17 of Sharik life!
we have next logging message:2023-11-25 11:32:00,733:INFO - Собакин покушал
we have next logging message:2023-11-25 11:32:00,733:INFO - Здоровье собаки: 100
we have next logging message:2023-11-25 11:32:00,733:INFO - Деньги: 60
we have next logging message:2023-11-25 11:32:00,733:INFO - Счастье собаки: 100
we have next logging message:2023-11-25 11:32:00,733:INFO - Сытость собаки: 100
we have next logging message:2023-11-25 11:32:00,733:INFO - Это day 18 of Sharik life!
we have next logging message:2023-11-25 11:32:00,733:INFO - Собакин поспал
we have next logging message:2023-11-25 11:32:00,733:INFO - Здоровье собаки: 100
we have next logging message:2023-11-25 11:32:00,733:INFO - Деньги: 60
we have next logging message:2023-11-25 11:32:00,733:INFO - Счастье собаки: 100
we have next logging message:2023-11-25 11:32:00,733:INFO - Сытость собаки: 100
we have next logging message:2023-11-25 11:32:00,733:INFO - Это day 19 of Sharik life!
we have next logging message:2023-11-25 11:32:00,733:INFO - Собакин покушал
we have next logging message:2023-11-25 11:32:00,733:INFO - Здоровье собаки: 100
we have next logging message:2023-11-25 11:32:00,733:INFO - Деньги: 45
we have next logging message:2023-11-25 11:32:00,733:INFO - Счастье собаки: 100
we have next logging message:2023-11-25 11:32:00,733:INFO - Сытость собаки: 100
we have next logging message:2023-11-25 11:32:00,733:INFO - Это day 20 of Sharik life!
we have next logging message:2023-11-25 11:32:00,733:INFO - Собакин покусал прохожего. У вас потребовали выплатить компенсацию
we have next logging message:2023-11-25 11:32:00,733:INFO - Здоровье собаки: 100
we have next logging message:2023-11-25 11:32:00,748:INFO - Деньги: 25
we have next logging message:2023-11-25 11:32:00,748:INFO - Счастье собаки: 60
we have next logging message:2023-11-25 11:32:00,748:INFO - Сытость собаки: 100
we have next logging message:2023-11-25 11:32:00,748:INFO - Это day 21 of Sharik life!
we have next logging message:2023-11-25 11:32:00,748:INFO - Собакин покусал прохожего. У вас потребовали выплатить компенсацию
we have next logging message:2023-11-25 11:32:00,748:INFO - Здоровье собаки: 100
we have next logging message:2023-11-25 11:32:00,748:INFO - Деньги: 5
we have next logging message:2023-11-25 11:32:00,748:INFO - Счастье собаки: 20
we have next logging message:2023-11-25 11:32:00,748:INFO - Сытость собаки: 100
